{"level":"info","message":"Posts obtidos com sucesso"}
{"level":"info","message":"Posts obtidos com sucesso"}
{"level":"info","message":"Posts obtidos com sucesso"}
{"level":"info","message":"Posts obtidos com sucesso"}
{"level":"info","message":"Posts obtidos com sucesso"}
{"level":"info","message":"Posts obtidos com sucesso"}
{"level":"info","message":"Posts obtidos com sucesso"}
{"level":"info","message":"Posts obtidos com sucesso"}
{"level":"info","message":"Posts obtidos com sucesso"}
{"level":"info","message":"Posts obtidos com sucesso"}
{"level":"info","message":"Posts obtidos com sucesso"}
{"level":"info","message":"Posts obtidos com sucesso"}
{"level":"info","message":"Posts obtidos com sucesso"}
{"level":"info","message":"Posts obtidos com sucesso"}
{"level":"info","message":"Posts obtidos com sucesso"}
{"level":"info","message":"Posts obtidos com sucesso"}
{"level":"info","message":"Posts obtidos com sucesso"}
{"level":"info","message":"Posts obtidos com sucesso"}
{"level":"info","message":"Posts obtidos com sucesso"}
{"level":"info","message":"Posts obtidos com sucesso"}
{"level":"info","message":"Posts obtidos com sucesso"}
{"level":"info","message":"Posts obtidos com sucesso"}
{"level":"info","message":"Posts obtidos com sucesso"}
{"level":"info","message":"Posts obtidos com sucesso"}
{"level":"info","message":"Posts obtidos com sucesso"}
{"level":"info","message":"Posts obtidos com sucesso"}
{"level":"info","message":"Posts obtidos com sucesso"}
{"level":"info","message":"Posts obtidos com sucesso"}
{"level":"info","message":"Posts obtidos com sucesso"}
{"level":"info","message":"Posts obtidos com sucesso"}
{"level":"info","message":"Posts obtidos com sucesso"}
{"level":"info","message":"Posts obtidos com sucesso"}
{"level":"info","message":"Posts obtidos com sucesso"}
{"level":"info","message":"Posts obtidos com sucesso"}
{"level":"info","message":"Posts obtidos com sucesso"}
{"level":"info","message":"Posts obtidos com sucesso"}
{"level":"info","message":"Posts obtidos com sucesso"}
{"level":"info","message":"Posts obtidos com sucesso"}
{"level":"info","message":"Posts obtidos com sucesso"}
{"level":"info","message":"Posts obtidos com sucesso"}
{"level":"info","message":"Posts obtidos com sucesso"}
{"level":"info","message":"Posts obtidos com sucesso"}
{"level":"info","message":"Posts obtidos com sucesso"}
{"level":"info","message":"Posts obtidos com sucesso"}
{"level":"info","message":"Posts obtidos com sucesso"}
{"level":"info","message":"Posts obtidos com sucesso"}
{"level":"info","message":"Posts obtidos com sucesso"}
{"level":"info","message":"Posts obtidos com sucesso"}
{"level":"info","message":"Posts obtidos com sucesso"}
{"level":"info","message":"Posts obtidos com sucesso"}
{"level":"info","message":"Posts obtidos com sucesso"}
{"level":"info","message":"Posts obtidos com sucesso"}
{"level":"info","message":"Posts obtidos com sucesso"}
{"level":"info","message":"Posts obtidos com sucesso"}
{"level":"info","message":"Post obtidos com sucesso"}
{"level":"info","message":"Post obtidos com sucesso"}
{"level":"info","message":"Post obtidos com sucesso"}
{"level":"info","message":"Post obtidos com sucesso"}
{"level":"info","message":"Post obtidos com sucesso"}
{"level":"info","message":"Post obtidos com sucesso"}
{"level":"info","message":"Posts obtidos com sucesso"}
{"level":"info","message":"Post obtidos com sucesso"}
{"level":"info","message":"Post obtidos com sucesso"}
{"level":"info","message":"Post obtidos com sucesso"}
{"level":"info","message":"Post obtidos com sucesso"}
{"level":"info","message":"Post obtidos com sucesso"}
{"level":"info","message":"Post obtidos com sucesso"}
{"level":"info","message":"Post obtidos com sucesso"}
{"level":"info","message":"Post obtidos com sucesso"}
{"level":"info","message":"Post obtidos com sucesso"}
{"level":"info","message":"Post obtidos com sucesso"}
{"level":"info","message":"Post obtidos com sucesso"}
{"level":"info","message":"Post obtidos com sucesso"}
{"level":"info","message":"Post obtidos com sucesso"}
{"level":"info","message":"Post obtidos com sucesso"}
{"level":"info","message":"Post obtidos com sucesso"}
{"level":"info","message":"Post obtidos com sucesso"}
{"level":"info","message":"Post obtidos com sucesso"}
{"level":"info","message":"Post obtidos com sucesso"}
{"level":"info","message":"Post obtidos com sucesso"}
{"level":"info","message":"Post obtidos com sucesso"}
{"level":"info","message":"Post obtidos com sucesso"}
{"level":"info","message":"Post obtidos com sucesso"}
{"level":"info","message":"Post obtidos com sucesso"}
{"level":"info","message":"Post obtidos com sucesso"}
{"level":"info","message":"Post obtidos com sucesso"}
{"level":"info","message":"Posts obtidos com sucesso"}
{"level":"info","message":"Post obtidos com sucesso"}
{"level":"info","message":"Post obtidos com sucesso"}
{"level":"info","message":"Post obtidos com sucesso"}
{"level":"info","message":"Post obtidos com sucesso"}
{"level":"info","message":"Post obtidos com sucesso"}
{"level":"info","message":"Post obtidos com sucesso"}
{"level":"info","message":"Post obtidos com sucesso"}
{"level":"info","message":"Post obtidos com sucesso"}
{"level":"info","message":"Post obtidos com sucesso"}
{"level":"info","message":"Post obtidos com sucesso"}
{"level":"info","message":"Post obtidos com sucesso"}
{"level":"info","message":"Post obtidos com sucesso"}
{"level":"info","message":"Post obtidos com sucesso"}
{"level":"info","message":"Posts obtidos com sucesso"}
{"level":"info","message":"Post obtidos com sucesso"}
{"error":{},"level":"error","message":"Falha ao obter o post com o slug","slug":"introducao-ao-reacts"}
{"error":{"clientVersion":"5.16.2","name":"PrismaClientInitializationError"},"level":"error","message":"Falha ao obter posts"}
{"error":{"clientVersion":"5.16.2","name":"PrismaClientInitializationError"},"level":"error","message":"Falha ao obter posts"}
{"error":{"clientVersion":"5.9.1","name":"PrismaClientValidationError"},"level":"error","message":"Falha ao obter o post com o slug","slug":"webpack-um-guia-para-iniciantes"}
{"error":{"clientVersion":"5.9.1","name":"PrismaClientUnknownRequestError"},"level":"error","message":"Falha ao obter o post com o slug","slug":"webpack-um-guia-para-iniciantes"}
{"error":{"clientVersion":"5.9.1","name":"PrismaClientUnknownRequestError"},"level":"error","message":"Falha ao obter o post com o slug","slug":"webpack-um-guia-para-iniciantes"}
{"error":{"clientVersion":"5.9.1","name":"PrismaClientUnknownRequestError"},"level":"error","message":"Falha ao obter o post com o slug","slug":"webpack-um-guia-para-iniciantes"}
